2021-11-20T03:43:33+00:00 CRITICAL Uncaught Error: Undefined constant "WP_ENVIRONMENT_TYPE" in /var/www/html/wp-content/plugins/woocommerce/packages/woocommerce-admin/src/Schedulers/MailchimpScheduler.php:90
Stack trace:
#0 /var/www/html/wp-content/plugins/woocommerce/packages/woocommerce-admin/src/Schedulers/MailchimpScheduler.php(90): constant()
#1 /var/www/html/wp-content/plugins/woocommerce/packages/woocommerce-admin/src/Schedulers/MailchimpScheduler.php(58): Automattic\WooCommerce\Admin\Schedulers\MailchimpScheduler->make_request()
#2 /var/www/html/wp-content/plugins/woocommerce/packages/woocommerce-admin/src/Events.php(109): Automattic\WooCommerce\Admin\Schedulers\MailchimpScheduler->run()
#3 /var/www/html/wp-includes/class-wp-hook.php(303): Automattic\WooCommerce\Admin\Events->do_wc_admin_daily()
#4 /var/www/html/wp-includes/class-wp-hook.php(327): WP_Hook->apply_filters()
#5 /var/www/html/wp-includes/plugin.php(518): WP_Hook->do_action()
#6 /var/www/html/wp-cron.php(138): do_action_ref_array()
#7 {main}
  thrown in /var/www/html/wp-content/plugins/woocommerce/packages/woocommerce-admin/src/Schedulers/MailchimpScheduler.php on line 90

2021-11-20T20:05:32+00:00 CRITICAL Uncaught TypeError: in_array(): Argument #2 ($haystack) must be of type array, string given in /var/www/html/wp-content/plugins/woocommerce-gateway-stripe/includes/class-wc-stripe-helper.php:598
Stack trace:
#0 /var/www/html/wp-content/plugins/woocommerce-gateway-stripe/includes/class-wc-stripe-helper.php(598): in_array()
#1 /var/www/html/wp-content/plugins/woocommerce-gateway-stripe/includes/class-wc-gateway-stripe.php(411): WC_Stripe_Helper::should_load_scripts_on_cart_page()
#2 /var/www/html/wp-includes/class-wp-hook.php(303): WC_Gateway_Stripe->payment_scripts()
#3 /var/www/html/wp-includes/class-wp-hook.php(327): WP_Hook->apply_filters()
#4 /var/www/html/wp-includes/plugin.php(470): WP_Hook->do_action()
#5 /var/www/html/wp-includes/script-loader.php(2083): do_action()
#6 /var/www/html/wp-includes/class-wp-hook.php(303): wp_enqueue_scripts()
#7 /var/www/html/wp-includes/class-wp-hook.php(327): WP_Hook->apply_filters()
#8 /var/www/html/wp-includes/plugin.php(470): WP_Hook->do_action()
#9 /var/www/html/wp-includes/general-template.php(3015): do_action()
#10 /var/www/html/wp-content/themes/storefront/header.php(18): wp_head()
#11 /var/www/html/wp-includes/template.php(770): require_once('...')
#12 /var/www/html/wp-includes/template.php(716): load_template()
#13 /var/www/html/wp-includes/general-template.php(48): locate_template()
#14 /var/www/html/wp-content/themes/storefront/page.php(13): get_header()
#15 /var/www/html/wp-includes/template-loader.php(106): include('...')
#16 /var/www/html/wp-blog-header.php(19): require_once('...')
#17 /var/www/html/index.php(17): require('...')
#18 {main}
  thrown in /var/www/html/wp-content/plugins/woocommerce-gateway-stripe/includes/class-wc-stripe-helper.php on line 598

2021-11-20T20:05:40+00:00 CRITICAL Uncaught TypeError: in_array(): Argument #2 ($haystack) must be of type array, string given in /var/www/html/wp-content/plugins/woocommerce-gateway-stripe/includes/class-wc-stripe-helper.php:598
Stack trace:
#0 /var/www/html/wp-content/plugins/woocommerce-gateway-stripe/includes/class-wc-stripe-helper.php(598): in_array()
#1 /var/www/html/wp-content/plugins/woocommerce-gateway-stripe/includes/class-wc-gateway-stripe.php(411): WC_Stripe_Helper::should_load_scripts_on_cart_page()
#2 /var/www/html/wp-includes/class-wp-hook.php(303): WC_Gateway_Stripe->payment_scripts()
#3 /var/www/html/wp-includes/class-wp-hook.php(327): WP_Hook->apply_filters()
#4 /var/www/html/wp-includes/plugin.php(470): WP_Hook->do_action()
#5 /var/www/html/wp-includes/script-loader.php(2083): do_action()
#6 /var/www/html/wp-includes/class-wp-hook.php(303): wp_enqueue_scripts()
#7 /var/www/html/wp-includes/class-wp-hook.php(327): WP_Hook->apply_filters()
#8 /var/www/html/wp-includes/plugin.php(470): WP_Hook->do_action()
#9 /var/www/html/wp-includes/general-template.php(3015): do_action()
#10 /var/www/html/wp-content/themes/storefront/header.php(18): wp_head()
#11 /var/www/html/wp-includes/template.php(770): require_once('...')
#12 /var/www/html/wp-includes/template.php(716): load_template()
#13 /var/www/html/wp-includes/general-template.php(48): locate_template()
#14 /var/www/html/wp-content/themes/storefront/page.php(13): get_header()
#15 /var/www/html/wp-includes/template-loader.php(106): include('...')
#16 /var/www/html/wp-blog-header.php(19): require_once('...')
#17 /var/www/html/index.php(17): require('...')
#18 {main}
  thrown in /var/www/html/wp-content/plugins/woocommerce-gateway-stripe/includes/class-wc-stripe-helper.php on line 598

2021-11-20T20:06:03+00:00 CRITICAL Uncaught TypeError: in_array(): Argument #2 ($haystack) must be of type array, string given in /var/www/html/wp-content/plugins/woocommerce-gateway-stripe/includes/class-wc-stripe-helper.php:598
Stack trace:
#0 /var/www/html/wp-content/plugins/woocommerce-gateway-stripe/includes/class-wc-stripe-helper.php(598): in_array()
#1 /var/www/html/wp-content/plugins/woocommerce-gateway-stripe/includes/class-wc-gateway-stripe.php(411): WC_Stripe_Helper::should_load_scripts_on_cart_page()
#2 /var/www/html/wp-includes/class-wp-hook.php(303): WC_Gateway_Stripe->payment_scripts()
#3 /var/www/html/wp-includes/class-wp-hook.php(327): WP_Hook->apply_filters()
#4 /var/www/html/wp-includes/plugin.php(470): WP_Hook->do_action()
#5 /var/www/html/wp-includes/script-loader.php(2083): do_action()
#6 /var/www/html/wp-includes/class-wp-hook.php(303): wp_enqueue_scripts()
#7 /var/www/html/wp-includes/class-wp-hook.php(327): WP_Hook->apply_filters()
#8 /var/www/html/wp-includes/plugin.php(470): WP_Hook->do_action()
#9 /var/www/html/wp-includes/general-template.php(3015): do_action()
#10 /var/www/html/wp-content/themes/storefront/header.php(18): wp_head()
#11 /var/www/html/wp-includes/template.php(770): require_once('...')
#12 /var/www/html/wp-includes/template.php(716): load_template()
#13 /var/www/html/wp-includes/general-template.php(48): locate_template()
#14 /var/www/html/wp-content/themes/storefront/page.php(13): get_header()
#15 /var/www/html/wp-includes/template-loader.php(106): include('...')
#16 /var/www/html/wp-blog-header.php(19): require_once('...')
#17 /var/www/html/index.php(17): require('...')
#18 {main}
  thrown in /var/www/html/wp-content/plugins/woocommerce-gateway-stripe/includes/class-wc-stripe-helper.php on line 598

2021-11-20T20:06:14+00:00 CRITICAL Uncaught TypeError: in_array(): Argument #2 ($haystack) must be of type array, string given in /var/www/html/wp-content/plugins/woocommerce-gateway-stripe/includes/class-wc-stripe-helper.php:598
Stack trace:
#0 /var/www/html/wp-content/plugins/woocommerce-gateway-stripe/includes/class-wc-stripe-helper.php(598): in_array()
#1 /var/www/html/wp-content/plugins/woocommerce-gateway-stripe/includes/class-wc-gateway-stripe.php(411): WC_Stripe_Helper::should_load_scripts_on_cart_page()
#2 /var/www/html/wp-includes/class-wp-hook.php(303): WC_Gateway_Stripe->payment_scripts()
#3 /var/www/html/wp-includes/class-wp-hook.php(327): WP_Hook->apply_filters()
#4 /var/www/html/wp-includes/plugin.php(470): WP_Hook->do_action()
#5 /var/www/html/wp-includes/script-loader.php(2083): do_action()
#6 /var/www/html/wp-includes/class-wp-hook.php(303): wp_enqueue_scripts()
#7 /var/www/html/wp-includes/class-wp-hook.php(327): WP_Hook->apply_filters()
#8 /var/www/html/wp-includes/plugin.php(470): WP_Hook->do_action()
#9 /var/www/html/wp-includes/general-template.php(3015): do_action()
#10 /var/www/html/wp-content/themes/storefront/header.php(18): wp_head()
#11 /var/www/html/wp-includes/template.php(770): require_once('...')
#12 /var/www/html/wp-includes/template.php(716): load_template()
#13 /var/www/html/wp-includes/general-template.php(48): locate_template()
#14 /var/www/html/wp-content/themes/storefront/page.php(13): get_header()
#15 /var/www/html/wp-includes/template-loader.php(106): include('...')
#16 /var/www/html/wp-blog-header.php(19): require_once('...')
#17 /var/www/html/index.php(17): require('...')
#18 {main}
  thrown in /var/www/html/wp-content/plugins/woocommerce-gateway-stripe/includes/class-wc-stripe-helper.php on line 598

2021-11-20T20:06:40+00:00 CRITICAL Uncaught TypeError: in_array(): Argument #2 ($haystack) must be of type array, string given in /var/www/html/wp-content/plugins/woocommerce-gateway-stripe/includes/class-wc-stripe-helper.php:598
Stack trace:
#0 /var/www/html/wp-content/plugins/woocommerce-gateway-stripe/includes/class-wc-stripe-helper.php(598): in_array()
#1 /var/www/html/wp-content/plugins/woocommerce-gateway-stripe/includes/class-wc-gateway-stripe.php(411): WC_Stripe_Helper::should_load_scripts_on_cart_page()
#2 /var/www/html/wp-includes/class-wp-hook.php(303): WC_Gateway_Stripe->payment_scripts()
#3 /var/www/html/wp-includes/class-wp-hook.php(327): WP_Hook->apply_filters()
#4 /var/www/html/wp-includes/plugin.php(470): WP_Hook->do_action()
#5 /var/www/html/wp-includes/script-loader.php(2083): do_action()
#6 /var/www/html/wp-includes/class-wp-hook.php(303): wp_enqueue_scripts()
#7 /var/www/html/wp-includes/class-wp-hook.php(327): WP_Hook->apply_filters()
#8 /var/www/html/wp-includes/plugin.php(470): WP_Hook->do_action()
#9 /var/www/html/wp-includes/general-template.php(3015): do_action()
#10 /var/www/html/wp-content/themes/storefront/header.php(18): wp_head()
#11 /var/www/html/wp-includes/template.php(770): require_once('...')
#12 /var/www/html/wp-includes/template.php(716): load_template()
#13 /var/www/html/wp-includes/general-template.php(48): locate_template()
#14 /var/www/html/wp-content/themes/storefront/page.php(13): get_header()
#15 /var/www/html/wp-includes/template-loader.php(106): include('...')
#16 /var/www/html/wp-blog-header.php(19): require_once('...')
#17 /var/www/html/index.php(17): require('...')
#18 {main}
  thrown in /var/www/html/wp-content/plugins/woocommerce-gateway-stripe/includes/class-wc-stripe-helper.php on line 598

